This file contains any messages produced by compilers while
running configure, to aid debugging if configure makes a mistake.

It was created by configure, which was
generated by GNU Autoconf 2.69.  Invocation command line was

  $ ./configure --with-openssl=/usr/include/openssl

## --------- ##
## Platform. ##
## --------- ##

hostname = callcenter
uname -m = x86_64
uname -r = 5.10.0-23-amd64
uname -s = Linux
uname -v = #1 SMP Debian 5.10.179-1 (2023-05-12)

/usr/bin/uname -p = unknown
/bin/uname -X     = unknown

/bin/arch              = x86_64
/usr/bin/arch -k       = unknown
/usr/convex/getsysinfo = unknown
/usr/bin/hostinfo      = unknown
/bin/machine           = unknown
/usr/bin/oslevel       = unknown
/bin/universe          = unknown

PATH: /usr/local/sbin
PATH: /usr/local/bin
PATH: /usr/sbin
PATH: /usr/bin
PATH: /sbin
PATH: /bin


## ----------- ##
## Core tests. ##
## ----------- ##

configure:2226: checking for grep that handles long lines and -e
configure:2284: result: /usr/bin/grep
configure:2289: checking for egrep
configure:2351: result: /usr/bin/grep -E
configure:2356: checking for a sed that does not truncate output
configure:2420: result: /usr/bin/sed
configure:2559: checking for pkg-config
configure:2577: found /usr/bin/pkg-config
configure:2589: result: /usr/bin/pkg-config
configure:2614: checking pkg-config is at least version 0.9.0
configure:2617: result: yes
configure:2679: checking for cc
configure:2695: found /usr/bin/cc
configure:2706: result: cc
configure:2737: checking for C compiler version
configure:2746: cc --version >&5
cc (Debian 10.2.1-6) 10.2.1 20210110
Copyright (C) 2020 Free Software Foundation, Inc.
This is free software; see the source for copying conditions.  There is NO
warranty; not even for MERCHANTABILITY or FITNESS FOR A PARTICULAR PURPOSE.

configure:2757: $? = 0
configure:2746: cc -v >&5
Using built-in specs.
COLLECT_GCC=cc
COLLECT_LTO_WRAPPER=/usr/lib/gcc/x86_64-linux-gnu/10/lto-wrapper
OFFLOAD_TARGET_NAMES=nvptx-none:amdgcn-amdhsa:hsa
OFFLOAD_TARGET_DEFAULT=1
Target: x86_64-linux-gnu
Configured with: ../src/configure -v --with-pkgversion='Debian 10.2.1-6' --with-bugurl=file:///usr/share/doc/gcc-10/README.Bugs --enable-languages=c,ada,c++,go,brig,d,fortran,objc,obj-c++,m2 --prefix=/usr --with-gcc-major-version-only --program-suffix=-10 --program-prefix=x86_64-linux-gnu- --enable-shared --enable-linker-build-id --libexecdir=/usr/lib --without-included-gettext --enable-threads=posix --libdir=/usr/lib --enable-nls --enable-bootstrap --enable-clocale=gnu --enable-libstdcxx-debug --enable-libstdcxx-time=yes --with-default-libstdcxx-abi=new --enable-gnu-unique-object --disable-vtable-verify --enable-plugin --enable-default-pie --with-system-zlib --enable-libphobos-checking=release --with-target-system-zlib=auto --enable-objc-gc=auto --enable-multiarch --disable-werror --with-arch-32=i686 --with-abi=m64 --with-multilib-list=m32,m64,mx32 --enable-multilib --with-tune=generic --enable-offload-targets=nvptx-none=/build/gcc-10-Km9U7s/gcc-10-10.2.1/debian/tmp-nvptx/usr,amdgcn-amdhsa=/build/gcc-10-Km9U7s/gcc-10-10.2.1/debian/tmp-gcn/usr,hsa --without-cuda-driver --enable-checking=release --build=x86_64-linux-gnu --host=x86_64-linux-gnu --target=x86_64-linux-gnu --with-build-config=bootstrap-lto-lean --enable-link-mutex
Thread model: posix
Supported LTO compression algorithms: zlib zstd
gcc version 10.2.1 20210110 (Debian 10.2.1-6) 
... rest of stderr output deleted ...
configure:2757: $? = 0
configure:2746: cc -V >&5
cc: error: unrecognized command-line option '-V'
cc: fatal error: no input files
compilation terminated.
configure:2757: $? = 1
configure:2746: cc -qversion >&5
cc: error: unrecognized command-line option '-qversion'; did you mean '--version'?
cc: fatal error: no input files
compilation terminated.
configure:2757: $? = 1
configure:2777: checking whether the C compiler works
configure:2799: cc    conftest.c  >&5
configure:2803: $? = 0
configure:2851: result: yes
configure:2854: checking for C compiler default output file name
configure:2856: result: a.out
configure:2862: checking for suffix of executables
configure:2869: cc -o conftest    conftest.c  >&5
configure:2873: $? = 0
configure:2895: result: 
configure:2917: checking whether we are cross compiling
configure:2925: cc -o conftest    conftest.c  >&5
configure:2929: $? = 0
configure:2936: ./conftest
configure:2940: $? = 0
configure:2955: result: no
configure:2960: checking for suffix of object files
configure:2982: cc -c   conftest.c >&5
configure:2986: $? = 0
configure:3007: result: o
configure:3011: checking whether we are using the GNU C compiler
configure:3030: cc -c   conftest.c >&5
configure:3030: $? = 0
configure:3039: result: yes
configure:3048: checking whether cc accepts -g
configure:3068: cc -c -g  conftest.c >&5
configure:3068: $? = 0
configure:3109: result: yes
configure:3126: checking for cc option to accept ISO C89
configure:3189: cc  -c -g -O2  conftest.c >&5
configure:3189: $? = 0
configure:3202: result: none needed
configure:3228: checking how to run the C preprocessor
configure:3259: cc -E  conftest.c
configure:3259: $? = 0
configure:3273: cc -E  conftest.c
conftest.c:9:10: fatal error: ac_nonexistent.h: No such file or directory
    9 | #include <ac_nonexistent.h>
      |          ^~~~~~~~~~~~~~~~~~
compilation terminated.
configure:3273: $? = 1
configure: failed program was:
| /* confdefs.h */
| #define PACKAGE_NAME ""
| #define PACKAGE_TARNAME ""
| #define PACKAGE_VERSION ""
| #define PACKAGE_STRING ""
| #define PACKAGE_BUGREPORT ""
| #define PACKAGE_URL ""
| /* end confdefs.h.  */
| #include <ac_nonexistent.h>
configure:3298: result: cc -E
configure:3318: cc -E  conftest.c
configure:3318: $? = 0
configure:3332: cc -E  conftest.c
conftest.c:9:10: fatal error: ac_nonexistent.h: No such file or directory
    9 | #include <ac_nonexistent.h>
      |          ^~~~~~~~~~~~~~~~~~
compilation terminated.
configure:3332: $? = 1
configure: failed program was:
| /* confdefs.h */
| #define PACKAGE_NAME ""
| #define PACKAGE_TARNAME ""
| #define PACKAGE_VERSION ""
| #define PACKAGE_STRING ""
| #define PACKAGE_BUGREPORT ""
| #define PACKAGE_URL ""
| /* end confdefs.h.  */
| #include <ac_nonexistent.h>
configure:3363: checking for icc
configure:3372: result: no
configure:3386: checking for suncc
configure:3395: result: no
configure:3413: checking for system library directory
configure:3428: result: lib
configure:3435: checking if compiler supports -R
configure:3454: cc -o conftest -g -O2   conftest.c -R /usr/lib  >&5
cc: error: unrecognized command-line option '-R'
configure:3454: $? = 1
configure: failed program was:
| /* confdefs.h */
| #define PACKAGE_NAME ""
| #define PACKAGE_TARNAME ""
| #define PACKAGE_VERSION ""
| #define PACKAGE_STRING ""
| #define PACKAGE_BUGREPORT ""
| #define PACKAGE_URL ""
| /* end confdefs.h.  */
| 
| int
| main ()
| {
| 
|   ;
|   return 0;
| }
configure:3464: result: no
configure:3469: checking if compiler supports -Wl,-rpath,
configure:3488: cc -o conftest -g -O2   conftest.c -Wl,-rpath,/usr/lib  >&5
configure:3488: $? = 0
configure:3498: result: yes
configure:3514: checking build system type
configure:3528: result: x86_64-pc-linux-gnu
configure:3548: checking host system type
configure:3561: result: x86_64-pc-linux-gnu
configure:3581: checking target system type
configure:3594: result: x86_64-pc-linux-gnu
configure:3697: checking for PHP prefix
configure:3699: result: /usr
configure:3701: checking for PHP includes
configure:3703: result: -I/usr/include/php/20190902 -I/usr/include/php/20190902/main -I/usr/include/php/20190902/TSRM -I/usr/include/php/20190902/Zend -I/usr/include/php/20190902/ext -I/usr/include/php/20190902/ext/date/lib
configure:3705: checking for PHP extension directory
configure:3707: result: /usr/lib/php/20190902
configure:3709: checking for PHP installed headers prefix
configure:3711: result: /usr/include/php/20190902
configure:3714: checking if debug is enabled
configure:3740: result: no
configure:3743: checking if zts is enabled
configure:3769: result: no
configure:3837: checking for gawk
configure:3868: result: no
configure:3837: checking for nawk
configure:3854: found /usr/bin/nawk
configure:3865: result: nawk
configure:3888: checking if nawk is broken
configure:3895: result: no
configure:3909: checking whether to enable jwt support
configure:3948: result: yes, shared
configure:3957: checking whether to use OpenSSL library
configure:3997: result: yes, shared
configure:4010: checking for OpenSSL library in default path
configure:4015: result: found in /usr
configure:4059: checking for ANSI C header files
configure:4079: cc -c -g -O2  conftest.c >&5
configure:4079: $? = 0
configure:4152: cc -o conftest -g -O2   conftest.c  >&5
configure:4152: $? = 0
configure:4152: ./conftest
configure:4152: $? = 0
configure:4163: result: yes
configure:4176: checking for sys/types.h
configure:4176: cc -c -g -O2  conftest.c >&5
configure:4176: $? = 0
configure:4176: result: yes
configure:4176: checking for sys/stat.h
configure:4176: cc -c -g -O2  conftest.c >&5
configure:4176: $? = 0
configure:4176: result: yes
configure:4176: checking for stdlib.h
configure:4176: cc -c -g -O2  conftest.c >&5
configure:4176: $? = 0
configure:4176: result: yes
configure:4176: checking for string.h
configure:4176: cc -c -g -O2  conftest.c >&5
configure:4176: $? = 0
configure:4176: result: yes
configure:4176: checking for memory.h
configure:4176: cc -c -g -O2  conftest.c >&5
configure:4176: $? = 0
configure:4176: result: yes
configure:4176: checking for strings.h
configure:4176: cc -c -g -O2  conftest.c >&5
configure:4176: $? = 0
configure:4176: result: yes
configure:4176: checking for inttypes.h
configure:4176: cc -c -g -O2  conftest.c >&5
configure:4176: $? = 0
configure:4176: result: yes
configure:4176: checking for stdint.h
configure:4176: cc -c -g -O2  conftest.c >&5
configure:4176: $? = 0
configure:4176: result: yes
configure:4176: checking for unistd.h
configure:4176: cc -c -g -O2  conftest.c >&5
configure:4176: $? = 0
configure:4176: result: yes
configure:4191: checking openssl/hmac.h usability
configure:4191: cc -c -g -O2  conftest.c >&5
configure:4191: $? = 0
configure:4191: result: yes
configure:4191: checking openssl/hmac.h presence
configure:4191: cc -E  conftest.c
configure:4191: $? = 0
configure:4191: result: yes
configure:4191: checking for openssl/hmac.h
configure:4191: result: yes
configure:4191: checking openssl/evp.h usability
configure:4191: cc -c -g -O2  conftest.c >&5
configure:4191: $? = 0
configure:4191: result: yes
configure:4191: checking openssl/evp.h presence
configure:4191: cc -E  conftest.c
configure:4191: $? = 0
configure:4191: result: yes
configure:4191: checking for openssl/evp.h
configure:4191: result: yes
configure:4308: checking for EVP_sha512 in -lcrypto
configure:4333: cc -o conftest -g -O2   -lcrypto conftest.c -lcrypto   >&5
configure:4333: $? = 0
configure:4342: result: yes
configure:4816: checking how to print strings
configure:4843: result: printf
configure:4864: checking for a sed that does not truncate output
configure:4928: result: /usr/bin/sed
configure:4946: checking for fgrep
configure:5008: result: /usr/bin/grep -F
configure:5043: checking for ld used by cc
configure:5110: result: /usr/bin/ld
configure:5117: checking if the linker (/usr/bin/ld) is GNU ld
configure:5132: result: yes
configure:5144: checking for BSD- or MS-compatible name lister (nm)
configure:5198: result: /usr/bin/nm -B
configure:5328: checking the name lister (/usr/bin/nm -B) interface
configure:5335: cc -c -g -O2  conftest.c >&5
configure:5338: /usr/bin/nm -B "conftest.o"
configure:5341: output
0000000000000000 B some_variable
configure:5348: result: BSD nm
configure:5351: checking whether ln -s works
configure:5355: result: yes
configure:5363: checking the maximum length of command line arguments
configure:5494: result: 1572864
configure:5542: checking how to convert x86_64-pc-linux-gnu file names to x86_64-pc-linux-gnu format
configure:5582: result: func_convert_file_noop
configure:5589: checking how to convert x86_64-pc-linux-gnu file names to toolchain format
configure:5609: result: func_convert_file_noop
configure:5616: checking for /usr/bin/ld option to reload object files
configure:5623: result: -r
configure:5697: checking for objdump
configure:5713: found /usr/bin/objdump
configure:5724: result: objdump
configure:5756: checking how to recognize dependent libraries
configure:5956: result: pass_all
configure:6041: checking for dlltool
configure:6071: result: no
configure:6101: checking how to associate runtime and link libraries
configure:6128: result: printf %s\n
configure:6188: checking for ar
configure:6204: found /usr/bin/ar
configure:6215: result: ar
configure:6252: checking for archiver @FILE support
configure:6269: cc -c -g -O2  conftest.c >&5
configure:6269: $? = 0
configure:6272: ar cr libconftest.a @conftest.lst >&5
configure:6275: $? = 0
configure:6280: ar cr libconftest.a @conftest.lst >&5
ar: conftest.o: No such file or directory
configure:6283: $? = 1
configure:6295: result: @
configure:6353: checking for strip
configure:6369: found /usr/bin/strip
configure:6380: result: strip
configure:6452: checking for ranlib
configure:6468: found /usr/bin/ranlib
configure:6479: result: ranlib
configure:6556: checking for gawk
configure:6583: result: nawk
configure:6623: checking command to parse /usr/bin/nm -B output from cc object
configure:6776: cc -c -g -O2  conftest.c >&5
configure:6779: $? = 0
configure:6783: /usr/bin/nm -B conftest.o | sed -n -e 's/^.*[	 ]\([ABCDGIRSTW][ABCDGIRSTW]*\)[	 ][	 ]*\([_A-Za-z][_A-Za-z0-9]*\)$/\1 \2 \2/p' | sed '/ __gnu_lto/d' > conftest.nm
configure:6849: cc -o conftest -g -O2   conftest.c conftstm.o >&5
configure:6852: $? = 0
configure:6890: result: ok
configure:6937: checking for sysroot
configure:6967: result: no
configure:6974: checking for a working dd
configure:7012: result: /usr/bin/dd
configure:7016: checking how to truncate binary pipes
configure:7031: result: /usr/bin/dd bs=4096 count=1
configure:7167: cc -c -g -O2  conftest.c >&5
configure:7170: $? = 0
configure:7360: checking for mt
configure:7376: found /usr/bin/mt
configure:7387: result: mt
configure:7410: checking if mt is a manifest tool
configure:7416: mt '-?'
configure:7424: result: no
configure:8098: checking for dlfcn.h
configure:8098: cc -c -g -O2  conftest.c >&5
configure:8098: $? = 0
configure:8098: result: yes
configure:8354: checking for objdir
configure:8369: result: .libs
configure:8633: checking if cc supports -fno-rtti -fno-exceptions
configure:8651: cc -c -g -O2  -fno-rtti -fno-exceptions conftest.c >&5
cc1: warning: command-line option '-fno-rtti' is valid for C++/D/ObjC++ but not for C
configure:8655: $? = 0
configure:8668: result: no
configure:9032: checking for cc option to produce PIC
configure:9039: result: -fPIC -DPIC
configure:9047: checking if cc PIC flag -fPIC -DPIC works
configure:9065: cc -c -g -O2  -fPIC -DPIC -DPIC conftest.c >&5
configure:9069: $? = 0
configure:9082: result: yes
configure:9111: checking if cc static flag -static works
configure:9139: result: yes
configure:9154: checking if cc supports -c -o file.o
configure:9175: cc -c -g -O2  -o out/conftest2.o conftest.c >&5
configure:9179: $? = 0
configure:9201: result: yes
configure:9209: checking if cc supports -c -o file.o
configure:9256: result: yes
configure:9289: checking whether the cc linker (/usr/bin/ld -m elf_x86_64) supports shared libraries
configure:10552: result: yes
configure:10589: checking whether -lc should be explicitly linked in
configure:10597: cc -c -g -O2  conftest.c >&5
configure:10600: $? = 0
configure:10615: cc -shared  -fPIC -DPIC conftest.o  -v -Wl,-soname -Wl,conftest -o conftest 2\>\&1 \| /usr/bin/grep  -lc  \>/dev/null 2\>\&1
configure:10618: $? = 0
configure:10632: result: no
configure:10792: checking dynamic linker characteristics
configure:11373: cc -o conftest -g -O2   -Wl,-rpath -Wl,/foo conftest.c  >&5
configure:11373: $? = 0
configure:11622: result: GNU/Linux ld.so
configure:11744: checking how to hardcode library paths into programs
configure:11769: result: immediate
configure:12317: checking whether stripping libraries is possible
configure:12322: result: yes
configure:12357: checking if libtool supports shared libraries
configure:12359: result: yes
configure:12362: checking whether to build shared libraries
configure:12387: result: yes
configure:12390: checking whether to build static libraries
configure:12394: result: no
configure:12659: patching config.h.in
configure:12670: creating ./config.status

## ---------------------- ##
## Running config.status. ##
## ---------------------- ##

This file was extended by config.status, which was
generated by GNU Autoconf 2.69.  Invocation command line was

  CONFIG_FILES    = 
  CONFIG_HEADERS  = 
  CONFIG_LINKS    = 
  CONFIG_COMMANDS = 
  $ ./config.status 

on callcenter

config.status:890: creating config.h
config.status:980: config.h is unchanged
config.status:994: executing libtool commands

## ---------------- ##
## Cache variables. ##
## ---------------- ##

ac_cv_build=x86_64-pc-linux-gnu
ac_cv_c_compiler_gnu=yes
ac_cv_env_CC_set=
ac_cv_env_CC_value=
ac_cv_env_CFLAGS_set=
ac_cv_env_CFLAGS_value=
ac_cv_env_CPPFLAGS_set=
ac_cv_env_CPPFLAGS_value=
ac_cv_env_CPP_set=
ac_cv_env_CPP_value=
ac_cv_env_LDFLAGS_set=
ac_cv_env_LDFLAGS_value=
ac_cv_env_LIBS_set=
ac_cv_env_LIBS_value=
ac_cv_env_LT_SYS_LIBRARY_PATH_set=
ac_cv_env_LT_SYS_LIBRARY_PATH_value=
ac_cv_env_PKG_CONFIG_LIBDIR_set=
ac_cv_env_PKG_CONFIG_LIBDIR_value=
ac_cv_env_PKG_CONFIG_PATH_set=
ac_cv_env_PKG_CONFIG_PATH_value=
ac_cv_env_PKG_CONFIG_set=
ac_cv_env_PKG_CONFIG_value=
ac_cv_env_build_alias_set=
ac_cv_env_build_alias_value=
ac_cv_env_host_alias_set=
ac_cv_env_host_alias_value=
ac_cv_env_target_alias_set=
ac_cv_env_target_alias_value=
ac_cv_header_dlfcn_h=yes
ac_cv_header_inttypes_h=yes
ac_cv_header_memory_h=yes
ac_cv_header_openssl_evp_h=yes
ac_cv_header_openssl_hmac_h=yes
ac_cv_header_stdc=yes
ac_cv_header_stdint_h=yes
ac_cv_header_stdlib_h=yes
ac_cv_header_string_h=yes
ac_cv_header_strings_h=yes
ac_cv_header_sys_stat_h=yes
ac_cv_header_sys_types_h=yes
ac_cv_header_unistd_h=yes
ac_cv_host=x86_64-pc-linux-gnu
ac_cv_lib_crypto_EVP_sha512=yes
ac_cv_objext=o
ac_cv_path_EGREP='/usr/bin/grep -E'
ac_cv_path_FGREP='/usr/bin/grep -F'
ac_cv_path_GREP=/usr/bin/grep
ac_cv_path_SED=/usr/bin/sed
ac_cv_path_ac_pt_PKG_CONFIG=/usr/bin/pkg-config
ac_cv_path_lt_DD=/usr/bin/dd
ac_cv_prog_AWK=nawk
ac_cv_prog_CPP='cc -E'
ac_cv_prog_ac_ct_AR=ar
ac_cv_prog_ac_ct_CC=cc
ac_cv_prog_ac_ct_MANIFEST_TOOL=mt
ac_cv_prog_ac_ct_OBJDUMP=objdump
ac_cv_prog_ac_ct_RANLIB=ranlib
ac_cv_prog_ac_ct_STRIP=strip
ac_cv_prog_cc_c89=
ac_cv_prog_cc_g=yes
ac_cv_target=x86_64-pc-linux-gnu
lt_cv_ar_at_file=@
lt_cv_archive_cmds_need_lc=no
lt_cv_deplibs_check_method=pass_all
lt_cv_file_magic_cmd='$MAGIC_CMD'
lt_cv_file_magic_test_file=
lt_cv_ld_reload_flag=-r
lt_cv_nm_interface='BSD nm'
lt_cv_objdir=.libs
lt_cv_path_LD=/usr/bin/ld
lt_cv_path_NM='/usr/bin/nm -B'
lt_cv_path_mainfest_tool=no
lt_cv_prog_compiler_c_o=yes
lt_cv_prog_compiler_pic='-fPIC -DPIC'
lt_cv_prog_compiler_pic_works=yes
lt_cv_prog_compiler_rtti_exceptions=no
lt_cv_prog_compiler_static_works=yes
lt_cv_prog_gnu_ld=yes
lt_cv_sharedlib_from_linklib_cmd='printf %s\n'
lt_cv_shlibpath_overrides_runpath=yes
lt_cv_sys_global_symbol_pipe='sed -n -e '\''s/^.*[	 ]\([ABCDGIRSTW][ABCDGIRSTW]*\)[	 ][	 ]*\([_A-Za-z][_A-Za-z0-9]*\)$/\1 \2 \2/p'\'' | sed '\''/ __gnu_lto/d'\'''
lt_cv_sys_global_symbol_to_c_name_address='sed -n -e '\''s/^: \(.*\) .*$/  {"\1", (void *) 0},/p'\'' -e '\''s/^[ABCDGIRSTW][ABCDGIRSTW]* .* \(.*\)$/  {"\1", (void *) \&\1},/p'\'''
lt_cv_sys_global_symbol_to_c_name_address_lib_prefix='sed -n -e '\''s/^: \(.*\) .*$/  {"\1", (void *) 0},/p'\'' -e '\''s/^[ABCDGIRSTW][ABCDGIRSTW]* .* \(lib.*\)$/  {"\1", (void *) \&\1},/p'\'' -e '\''s/^[ABCDGIRSTW][ABCDGIRSTW]* .* \(.*\)$/  {"lib\1", (void *) \&\1},/p'\'''
lt_cv_sys_global_symbol_to_cdecl='sed -n -e '\''s/^T .* \(.*\)$/extern int \1();/p'\'' -e '\''s/^[ABCDGIRSTW][ABCDGIRSTW]* .* \(.*\)$/extern char \1;/p'\'''
lt_cv_sys_global_symbol_to_import=
lt_cv_sys_max_cmd_len=1572864
lt_cv_to_host_file_cmd=func_convert_file_noop
lt_cv_to_tool_file_cmd=func_convert_file_noop
lt_cv_truncate_bin='/usr/bin/dd bs=4096 count=1'
php_cv_cc_dashr=no
php_cv_cc_rpath=yes

## ----------------- ##
## Output variables. ##
## ----------------- ##

AR='ar'
AWK='nawk'
CC='cc'
CFLAGS='-g -O2'
CONFIGURE_COMMAND=' '\''./configure'\''  '\''--with-openssl=/usr/include/openssl'\'''
CONFIGURE_OPTIONS=' '\''--with-openssl=/usr/include/openssl'\'''
CPP='cc -E'
CPPFLAGS=' -DHAVE_CONFIG_H'
DEFS='-DHAVE_CONFIG_H'
DLLTOOL='false'
DSYMUTIL=''
DUMPBIN=''
ECHO_C=''
ECHO_N='-n'
ECHO_T=''
EGREP='/usr/bin/grep -E'
EXEEXT=''
FGREP='/usr/bin/grep -F'
GREP='/usr/bin/grep'
LD='/usr/bin/ld -m elf_x86_64'
LDFLAGS=''
LIBOBJS=''
LIBS=''
LIBTOOL='$(SHELL) $(top_builddir)/libtool'
LIPO=''
LN_S='ln -s'
LTLIBOBJS=''
LT_SYS_LIBRARY_PATH=''
MANIFEST_TOOL=':'
NM='/usr/bin/nm -B'
NMEDIT=''
OBJDUMP='objdump'
OBJEXT='o'
OTOOL64=''
OTOOL=''
PACKAGE_BUGREPORT=''
PACKAGE_NAME=''
PACKAGE_STRING=''
PACKAGE_TARNAME=''
PACKAGE_URL=''
PACKAGE_VERSION=''
PATH_SEPARATOR=':'
PKG_CONFIG='/usr/bin/pkg-config'
PKG_CONFIG_LIBDIR=''
PKG_CONFIG_PATH=''
RANLIB='ranlib'
SED='/usr/bin/sed'
SHELL='/bin/bash'
SHLIB_DL_SUFFIX_NAME='so'
SHLIB_SUFFIX_NAME='so'
STRIP='strip'
ac_ct_AR='ar'
ac_ct_CC='cc'
ac_ct_DUMPBIN=''
bindir='${exec_prefix}/bin'
build='x86_64-pc-linux-gnu'
build_alias=''
build_cpu='x86_64'
build_os='linux-gnu'
build_vendor='pc'
datadir='${datarootdir}'
datarootdir='${prefix}/share'
docdir='${datarootdir}/doc/${PACKAGE}'
dvidir='${docdir}'
exec_prefix='$(prefix)'
host='x86_64-pc-linux-gnu'
host_alias='x86_64-pc-linux-gnu'
host_cpu='x86_64'
host_os='linux-gnu'
host_vendor='pc'
htmldir='${docdir}'
includedir='${prefix}/include'
infodir='${datarootdir}/info'
libdir='${exec_prefix}/lib'
libexecdir='${exec_prefix}/libexec'
localedir='${datarootdir}/locale'
localstatedir='${prefix}/var'
mandir='${datarootdir}/man'
oldincludedir='/usr/include'
pdfdir='${docdir}'
prefix='/usr'
program_transform_name='s,x,x,'
psdir='${docdir}'
runstatedir='${localstatedir}/run'
sbindir='${exec_prefix}/sbin'
sharedstatedir='${prefix}/com'
sysconfdir='${prefix}/etc'
target='x86_64-pc-linux-gnu'
target_alias=''
target_cpu='x86_64'
target_os='linux-gnu'
target_vendor='pc'

## ----------- ##
## confdefs.h. ##
## ----------- ##

/* confdefs.h */
#define PACKAGE_NAME ""
#define PACKAGE_TARNAME ""
#define PACKAGE_VERSION ""
#define PACKAGE_STRING ""
#define PACKAGE_BUGREPORT ""
#define PACKAGE_URL ""
#define STDC_HEADERS 1
#define HAVE_SYS_TYPES_H 1
#define HAVE_SYS_STAT_H 1
#define HAVE_STDLIB_H 1
#define HAVE_STRING_H 1
#define HAVE_MEMORY_H 1
#define HAVE_STRINGS_H 1
#define HAVE_INTTYPES_H 1
#define HAVE_STDINT_H 1
#define HAVE_UNISTD_H 1
#define HAVE_OPENSSL_HMAC_H 1
#define HAVE_OPENSSL_EVP_H 1
#define COMPILE_DL_JWT 1
#define HAVE_DLFCN_H 1
#define LT_OBJDIR ".libs/"

configure: exit 0
